[debug] [2022-02-22T16:13:45.529Z] ----------------------------------------------------------------------
[debug] [2022-02-22T16:13:45.531Z] Command:       /Users/arale/.nvm/versions/node/v14.18.1/bin/node /usr/local/bin/firebase deploy
[debug] [2022-02-22T16:13:45.531Z] CLI Version:   9.19.0
[debug] [2022-02-22T16:13:45.531Z] Platform:      darwin
[debug] [2022-02-22T16:13:45.531Z] Node Version:  v14.18.1
[debug] [2022-02-22T16:13:45.532Z] Time:          Wed Feb 23 2022 01:13:45 GMT+0900 (대한민국 표준시)
[debug] [2022-02-22T16:13:45.532Z] ----------------------------------------------------------------------
[debug] 
[debug] [2022-02-22T16:13:45.534Z] >>> [apiv2][query] GET https://firebase-public.firebaseio.com/cli.json [none]
[debug] [2022-02-22T16:13:45.593Z] > command requires scopes: ["email","openid","https://www.googleapis.com/auth/cloudplatformprojects.readonly","https://www.googleapis.com/auth/firebase","https://www.googleapis.com/auth/cloud-platform"]
[debug] [2022-02-22T16:13:45.593Z] > authorizing via signed-in user (9801gksquf@gmail.com)
[debug] [2022-02-22T16:13:45.593Z] [iam] checking project arale-b3b77 for permissions ["firebase.projects.get","firebasehosting.sites.update"]
[debug] [2022-02-22T16:13:45.594Z] > refreshing access token with scopes: ["email","https://www.googleapis.com/auth/cloud-platform","https://www.googleapis.com/auth/cloudplatformprojects.readonly","https://www.googleapis.com/auth/firebase","openid"]
[debug] [2022-02-22T16:13:45.594Z] >>> HTTP REQUEST POST https://www.googleapis.com/oauth2/v3/token  
 <request body omitted>
[debug] [2022-02-22T16:13:45.815Z] <<< HTTP RESPONSE 200 {"pragma":"no-cache","cache-control":"no-cache, no-store, max-age=0, must-revalidate","date":"Tue, 22 Feb 2022 16:13:45 GMT","expires":"Mon, 01 Jan 1990 00:00:00 GMT","content-type":"application/json; charset=utf-8","vary":"X-Origin, Referer, Origin,Accept-Encoding","server":"scaffolding on HTTPServer2","x-xss-protection":"0","x-frame-options":"SAMEORIGIN","x-content-type-options":"nosniff","alt-svc":"h3=\":443\"; ma=2592000,h3-29=\":443\"; ma=2592000,h3-Q050=\":443\"; ma=2592000,h3-Q046=\":443\"; ma=2592000,h3-Q043=\":443\"; ma=2592000,quic=\":443\"; ma=2592000; v=\"46,43\"","accept-ranges":"none","transfer-encoding":"chunked"}
[debug] [2022-02-22T16:13:45.868Z] >>> HTTP REQUEST POST https://cloudresourcemanager.googleapis.com/v1/projects/arale-b3b77:testIamPermissions  
 {"permissions":["firebase.projects.get","firebasehosting.sites.update"]}
[debug] [2022-02-22T16:13:46.144Z] <<< [apiv2][status] GET https://firebase-public.firebaseio.com/cli.json 200
[debug] [2022-02-22T16:13:46.145Z] <<< [apiv2][body] GET https://firebase-public.firebaseio.com/cli.json {"cloudBuildErrorAfter":1594252800000,"cloudBuildWarnAfter":1590019200000,"defaultNode10After":1594252800000,"minVersion":"3.0.5","node8DeploysDisabledAfter":1613390400000,"node8RuntimeDisabledAfter":1615809600000,"node8WarnAfter":1600128000000}
[debug] [2022-02-22T16:13:46.690Z] <<< HTTP RESPONSE 200 {"content-type":"application/json; charset=UTF-8","vary":"X-Origin, Referer, Origin,Accept-Encoding","date":"Tue, 22 Feb 2022 16:13:46 GMT","server":"ESF","cache-control":"private","x-xss-protection":"0","x-frame-options":"SAMEORIGIN","x-content-type-options":"nosniff","server-timing":"gfet4t7; dur=569","alt-svc":"h3=\":443\"; ma=2592000,h3-29=\":443\"; ma=2592000,h3-Q050=\":443\"; ma=2592000,h3-Q046=\":443\"; ma=2592000,h3-Q043=\":443\"; ma=2592000,quic=\":443\"; ma=2592000; v=\"46,43\"","accept-ranges":"none","transfer-encoding":"chunked"}
[debug] [2022-02-22T16:13:46.690Z] > refreshing access token with scopes: []
[debug] [2022-02-22T16:13:46.690Z] >>> HTTP REQUEST POST https://www.googleapis.com/oauth2/v3/token  
 <request body omitted>
[debug] [2022-02-22T16:13:47.023Z] <<< HTTP RESPONSE 200 {"expires":"Mon, 01 Jan 1990 00:00:00 GMT","pragma":"no-cache","cache-control":"no-cache, no-store, max-age=0, must-revalidate","date":"Tue, 22 Feb 2022 16:13:46 GMT","content-type":"application/json; charset=utf-8","vary":"X-Origin, Referer, Origin,Accept-Encoding","server":"scaffolding on HTTPServer2","x-xss-protection":"0","x-frame-options":"SAMEORIGIN","x-content-type-options":"nosniff","alt-svc":"h3=\":443\"; ma=2592000,h3-29=\":443\"; ma=2592000,h3-Q050=\":443\"; ma=2592000,h3-Q046=\":443\"; ma=2592000,h3-Q043=\":443\"; ma=2592000,quic=\":443\"; ma=2592000; v=\"46,43\"","accept-ranges":"none","transfer-encoding":"chunked"}
[debug] [2022-02-22T16:13:47.072Z] >>> [apiv2][query] GET https://firebase.googleapis.com/v1beta1/projects/arale-b3b77 [none]
[debug] [2022-02-22T16:13:47.680Z] <<< [apiv2][status] GET https://firebase.googleapis.com/v1beta1/projects/arale-b3b77 200
[debug] [2022-02-22T16:13:47.680Z] <<< [apiv2][body] GET https://firebase.googleapis.com/v1beta1/projects/arale-b3b77 {"projectId":"arale-b3b77","projectNumber":"735574703654","displayName":"arale","name":"projects/arale-b3b77","resources":{"hostingSite":"arale-b3b77","realtimeDatabaseInstance":"arale-b3b77-default-rtdb","storageBucket":"arale-b3b77.appspot.com","locationId":"asia-northeast3"},"state":"ACTIVE"}
[info] 
[info] === Deploying to 'arale-b3b77'...
[info] 
[info] i  deploying hosting 
[debug] [2022-02-22T16:13:47.683Z] > refreshing access token with scopes: ["email","https://www.googleapis.com/auth/cloud-platform","https://www.googleapis.com/auth/cloudplatformprojects.readonly","https://www.googleapis.com/auth/firebase","openid"]
[debug] [2022-02-22T16:13:47.684Z] >>> HTTP REQUEST POST https://www.googleapis.com/oauth2/v3/token  
 <request body omitted>
[debug] [2022-02-22T16:13:47.889Z] <<< HTTP RESPONSE 200 {"pragma":"no-cache","cache-control":"no-cache, no-store, max-age=0, must-revalidate","expires":"Mon, 01 Jan 1990 00:00:00 GMT","date":"Tue, 22 Feb 2022 16:13:47 GMT","content-type":"application/json; charset=utf-8","vary":"X-Origin, Referer, Origin,Accept-Encoding","server":"scaffolding on HTTPServer2","x-xss-protection":"0","x-frame-options":"SAMEORIGIN","x-content-type-options":"nosniff","alt-svc":"h3=\":443\"; ma=2592000,h3-29=\":443\"; ma=2592000,h3-Q050=\":443\"; ma=2592000,h3-Q046=\":443\"; ma=2592000,h3-Q043=\":443\"; ma=2592000,quic=\":443\"; ma=2592000; v=\"46,43\"","accept-ranges":"none","transfer-encoding":"chunked"}
[debug] [2022-02-22T16:13:47.939Z] >>> HTTP REQUEST POST https://firebasehosting.googleapis.com/v1beta1/sites/arale-b3b77/versions  
 {"config":{},"labels":{"deployment-tool":"cli-firebase"}}
[debug] [2022-02-22T16:13:49.351Z] <<< HTTP RESPONSE 200 {"content-type":"application/json; charset=UTF-8","vary":"X-Origin, Referer, Origin,Accept-Encoding","date":"Tue, 22 Feb 2022 16:13:49 GMT","server":"ESF","cache-control":"private","x-xss-protection":"0","x-frame-options":"SAMEORIGIN","x-content-type-options":"nosniff","alt-svc":"h3=\":443\"; ma=2592000,h3-29=\":443\"; ma=2592000,h3-Q050=\":443\"; ma=2592000,h3-Q046=\":443\"; ma=2592000,h3-Q043=\":443\"; ma=2592000,quic=\":443\"; ma=2592000; v=\"46,43\"","accept-ranges":"none","transfer-encoding":"chunked"}
[info] i  hosting[arale-b3b77]: beginning deploy... 
[info] i  hosting[arale-b3b77]: found 24 files in build 
[debug] [2022-02-22T16:13:49.779Z] > refreshing access token with scopes: []
[debug] [2022-02-22T16:13:49.779Z] >>> HTTP REQUEST POST https://www.googleapis.com/oauth2/v3/token  
 <request body omitted>
[debug] [2022-02-22T16:13:49.781Z] [hosting] hash cache [YnVpbGQ] stored for 24 files
[debug] [2022-02-22T16:13:49.781Z] [hosting][hash queue][FINAL] {"max":410,"min":11,"avg":37.291666666666664,"active":0,"complete":24,"success":24,"errored":0,"retried":0,"total":24,"elapsed":417}
[debug] [2022-02-22T16:13:49.978Z] <<< HTTP RESPONSE 200 {"cache-control":"no-cache, no-store, max-age=0, must-revalidate","expires":"Mon, 01 Jan 1990 00:00:00 GMT","date":"Tue, 22 Feb 2022 16:13:49 GMT","pragma":"no-cache","content-type":"application/json; charset=utf-8","vary":"X-Origin, Referer, Origin,Accept-Encoding","server":"scaffolding on HTTPServer2","x-xss-protection":"0","x-frame-options":"SAMEORIGIN","x-content-type-options":"nosniff","alt-svc":"h3=\":443\"; ma=2592000,h3-29=\":443\"; ma=2592000,h3-Q050=\":443\"; ma=2592000,h3-Q046=\":443\"; ma=2592000,h3-Q043=\":443\"; ma=2592000,quic=\":443\"; ma=2592000; v=\"46,43\"","accept-ranges":"none","transfer-encoding":"chunked"}
[debug] [2022-02-22T16:13:50.029Z] >>> [apiv2][query] POST https://firebasehosting.googleapis.com/v1beta1/sites/arale-b3b77/versions/06acaa40926128d4:populateFiles [none]
[debug] [2022-02-22T16:13:50.029Z] >>> [apiv2][body] POST https://firebasehosting.googleapis.com/v1beta1/sites/arale-b3b77/versions/06acaa40926128d4:populateFiles {"files":{"/404.html":"05cbc6f94d7a69ce2e29646eab13be2c884e61ba93e3094df5028866876d18b3","/asset-manifest.json":"6fce9b5c3f3551e926036e836a0b27532ba029179cc908dcd5e48d3f5e42e2f1","/favicon.ico":"22da87e10ce49120a139961cd8971f15bddf4498d827bda9050683c17b83fc98","/index.html":"3006753d0c571beacbfd03ba2e03170228aa9d11cdeb861f6707891b6a21fb44","/manifest.json":"fb3213261679f37d09a496067d24dc7682afc98d644e98609edfc29e41991284","/robots.txt":"391d14b3c2f8c9143a27a28c7399585142228d4d1bdbe2c87ac946de411fa9a2","/logo.png":"c2422f68a3b8fe008d5e35f00226b16aedf2aea226f9190049d0b37b9c0b2632","/static/css/main.67be9000.chunk.css":"c6fd65d6b7bbe69936de00be088107ce2992603d04c941e4d0642373808a124c","/static/css/main.67be9000.chunk.css.map":"f7e03e66c3ff532103da84e0ebda325d285df88ebe03e11c091a04c7799aab39","/static/js/2.4d9e39b3.chunk.js.LICENSE.txt":"660bc4ac25a0fbba8b4921afaa7fa72c6e9f78f44c7ca839046659128ab49c50","/static/js/3.a745cad9.chunk.js":"9273101773b75f36ef56e7866e3f2b5669886e52a3e2bbc2c8a26cd9a70cdb6d","/static/js/3.a745cad9.chunk.js.map":"7fb1eca470571ed8b9140536bf634be2e66e1a502925dbb753d59151f73cead4","/static/js/runtime-main.b0d447a7.js":"f1dfeaa8067a768a8a6cf63ca4e01ecfe011287a05a848040c7b8ab395b73adb","/static/js/main.1c95ffa7.chunk.js":"7abff0bed57a2915bb649c82f90c24523eccae6e50beca0988356659891d97b4","/static/js/runtime-main.b0d447a7.js.map":"04c54484f689d8d08052bef3f12e954eed40adde46ed67e86fcbde13784562b8","/static/media/revicons.57fd05d4.ttf":"1c12324ddcdff078ce4636f64ba2dcee91ff136da751e5efcd93e7dfa6d4d68b","/static/media/revicons.a77de540.eot":"c70318dfd47d7dfe495f14048cfd723dd18b8c8005fa6326c0f0a273278b4469","/static/media/revicons.e8746a62.woff":"f0215fad6e81dd82e09ec1f294e3a38800c59504c22f03e43aba53ddd3def8a4","/static/js/main.1c95ffa7.chunk.js.map":"154466d157e28e27015aa73dee7a9107efb64b7263de2b19484a90b5a5f4c507","/static/media/programmer.3f3e7e4d.jpg":"a6ff81ba85d796e981e5dfa40f2dbec21322f7e1c843c8bcc9d4edb08cd62863","/static/css/2.60117f12.chunk.css":"040dc3736666d8df01c3c509ae5b82c93c44afdfe9044a641d27d2a749108ff7","/static/js/2.4d9e39b3.chunk.js":"6410a835aa2e525104d55e12f5180da4d3529d84761ce013ee3fde48ab28cce3","/static/css/2.60117f12.chunk.css.map":"ea6be1bd930f8653bbbb43098fd2befa595db084372679b241b8abd80bcb4767","/static/js/2.4d9e39b3.chunk.js.map":"c9768878c937204878cb4e50657059a85de150d197f3bbed57c70ad4036a98ea"}}
[debug] [2022-02-22T16:13:51.053Z] <<< [apiv2][status] POST https://firebasehosting.googleapis.com/v1beta1/sites/arale-b3b77/versions/06acaa40926128d4:populateFiles 200
[debug] [2022-02-22T16:13:51.053Z] <<< [apiv2][body] POST https://firebasehosting.googleapis.com/v1beta1/sites/arale-b3b77/versions/06acaa40926128d4:populateFiles {"uploadRequiredHashes":["f7e03e66c3ff532103da84e0ebda325d285df88ebe03e11c091a04c7799aab39","6fce9b5c3f3551e926036e836a0b27532ba029179cc908dcd5e48d3f5e42e2f1","c9768878c937204878cb4e50657059a85de150d197f3bbed57c70ad4036a98ea","154466d157e28e27015aa73dee7a9107efb64b7263de2b19484a90b5a5f4c507","7abff0bed57a2915bb649c82f90c24523eccae6e50beca0988356659891d97b4","c6fd65d6b7bbe69936de00be088107ce2992603d04c941e4d0642373808a124c","3006753d0c571beacbfd03ba2e03170228aa9d11cdeb861f6707891b6a21fb44","6410a835aa2e525104d55e12f5180da4d3529d84761ce013ee3fde48ab28cce3"],"uploadUrl":"https://upload-firebasehosting.googleapis.com/upload/sites/arale-b3b77/versions/06acaa40926128d4/files"}
[debug] [2022-02-22T16:13:51.056Z] >>> [apiv2][query] POST https://upload-firebasehosting.googleapis.com/upload/sites/arale-b3b77/versions/06acaa40926128d4/files/f7e03e66c3ff532103da84e0ebda325d285df88ebe03e11c091a04c7799aab39 [none]
[debug] [2022-02-22T16:13:51.056Z] >>> [apiv2][body] POST https://upload-firebasehosting.googleapis.com/upload/sites/arale-b3b77/versions/06acaa40926128d4/files/f7e03e66c3ff532103da84e0ebda325d285df88ebe03e11c091a04c7799aab39 [stream]
[debug] [2022-02-22T16:13:51.057Z] >>> [apiv2][query] POST https://upload-firebasehosting.googleapis.com/upload/sites/arale-b3b77/versions/06acaa40926128d4/files/6fce9b5c3f3551e926036e836a0b27532ba029179cc908dcd5e48d3f5e42e2f1 [none]
[debug] [2022-02-22T16:13:51.057Z] >>> [apiv2][body] POST https://upload-firebasehosting.googleapis.com/upload/sites/arale-b3b77/versions/06acaa40926128d4/files/6fce9b5c3f3551e926036e836a0b27532ba029179cc908dcd5e48d3f5e42e2f1 [stream]
[debug] [2022-02-22T16:13:51.059Z] >>> [apiv2][query] POST https://upload-firebasehosting.googleapis.com/upload/sites/arale-b3b77/versions/06acaa40926128d4/files/c9768878c937204878cb4e50657059a85de150d197f3bbed57c70ad4036a98ea [none]
[debug] [2022-02-22T16:13:51.059Z] >>> [apiv2][body] POST https://upload-firebasehosting.googleapis.com/upload/sites/arale-b3b77/versions/06acaa40926128d4/files/c9768878c937204878cb4e50657059a85de150d197f3bbed57c70ad4036a98ea [stream]
[debug] [2022-02-22T16:13:51.060Z] >>> [apiv2][query] POST https://upload-firebasehosting.googleapis.com/upload/sites/arale-b3b77/versions/06acaa40926128d4/files/154466d157e28e27015aa73dee7a9107efb64b7263de2b19484a90b5a5f4c507 [none]
[debug] [2022-02-22T16:13:51.060Z] >>> [apiv2][body] POST https://upload-firebasehosting.googleapis.com/upload/sites/arale-b3b77/versions/06acaa40926128d4/files/154466d157e28e27015aa73dee7a9107efb64b7263de2b19484a90b5a5f4c507 [stream]
[debug] [2022-02-22T16:13:51.062Z] >>> [apiv2][query] POST https://upload-firebasehosting.googleapis.com/upload/sites/arale-b3b77/versions/06acaa40926128d4/files/7abff0bed57a2915bb649c82f90c24523eccae6e50beca0988356659891d97b4 [none]
[debug] [2022-02-22T16:13:51.062Z] >>> [apiv2][body] POST https://upload-firebasehosting.googleapis.com/upload/sites/arale-b3b77/versions/06acaa40926128d4/files/7abff0bed57a2915bb649c82f90c24523eccae6e50beca0988356659891d97b4 [stream]
[debug] [2022-02-22T16:13:51.063Z] >>> [apiv2][query] POST https://upload-firebasehosting.googleapis.com/upload/sites/arale-b3b77/versions/06acaa40926128d4/files/c6fd65d6b7bbe69936de00be088107ce2992603d04c941e4d0642373808a124c [none]
[debug] [2022-02-22T16:13:51.063Z] >>> [apiv2][body] POST https://upload-firebasehosting.googleapis.com/upload/sites/arale-b3b77/versions/06acaa40926128d4/files/c6fd65d6b7bbe69936de00be088107ce2992603d04c941e4d0642373808a124c [stream]
[debug] [2022-02-22T16:13:51.064Z] >>> [apiv2][query] POST https://upload-firebasehosting.googleapis.com/upload/sites/arale-b3b77/versions/06acaa40926128d4/files/3006753d0c571beacbfd03ba2e03170228aa9d11cdeb861f6707891b6a21fb44 [none]
[debug] [2022-02-22T16:13:51.064Z] >>> [apiv2][body] POST https://upload-firebasehosting.googleapis.com/upload/sites/arale-b3b77/versions/06acaa40926128d4/files/3006753d0c571beacbfd03ba2e03170228aa9d11cdeb861f6707891b6a21fb44 [stream]
[debug] [2022-02-22T16:13:51.065Z] >>> [apiv2][query] POST https://upload-firebasehosting.googleapis.com/upload/sites/arale-b3b77/versions/06acaa40926128d4/files/6410a835aa2e525104d55e12f5180da4d3529d84761ce013ee3fde48ab28cce3 [none]
[debug] [2022-02-22T16:13:51.065Z] >>> [apiv2][body] POST https://upload-firebasehosting.googleapis.com/upload/sites/arale-b3b77/versions/06acaa40926128d4/files/6410a835aa2e525104d55e12f5180da4d3529d84761ce013ee3fde48ab28cce3 [stream]
[debug] [2022-02-22T16:13:51.066Z] [hosting][populate queue][FINAL] {"max":1277,"min":1277,"avg":1277,"active":0,"complete":1,"success":1,"errored":0,"retried":0,"total":1,"elapsed":1287}
[debug] [2022-02-22T16:13:51.066Z] [hosting] uploads queued: 8
